wear/build/intermediates/manifest_merge_blame_file/release/processReleaseMainManifest/manifest-merger-blame-release-report.txt
1<?xml version="1.0" encoding="utf-8"?>
2<manifest xmlns:android="http://schemas.android.com/apk/res/android"
3    package="com.flex"
4    android:versionCode="1"
5    android:versionName="1.1.6" >
6
7    <uses-sdk
7-->INJECTED
8        android:minSdkVersion="26"
8-->INJECTED
9        android:targetSdkVersion="36" />
9-->INJECTED
10
11    <uses-feature android:name="android.hardware.type.watch" />
11-->src/main/AndroidManifest.xml:4:5-64
11-->src/main/AndroidManifest.xml:4:19-61
12
13    <permission
13-->[androidx.core:core:1.18.0] AndroidManifest.xml:22:5-24:47
14        android:name="com.flex.DYNAMIC_RECEIVER_NOT_EXPORTED_PERMISSION"
14-->[androidx.core:core:1.18.0] AndroidManifest.xml:23:9-81
15        android:protectionLevel="signature" />
15-->[androidx.core:core:1.18.0] AndroidManifest.xml:24:9-44
16
17    <uses-permission android:name="com.flex.DYNAMIC_RECEIVER_NOT_EXPORTED_PERMISSION" />
17-->[androidx.core:core:1.18.0] AndroidManifest.xml:26:5-97
17-->[androidx.core:core:1.18.0] AndroidManifest.xml:26:22-94
18
19    <queries>
19-->[androidx.wear.tiles:tiles:1.4.1] AndroidManifest.xml:7:5-11:15
20        <intent>
20-->[androidx.wear.tiles:tiles:1.4.1] AndroidManifest.xml:8:9-10:18
21            <action android:name="androidx.wear.tiles.action.BIND_UPDATE_REQUESTER" />
21-->[androidx.wear.tiles:tiles:1.4.1] AndroidManifest.xml:9:13-87
21-->[androidx.wear.tiles:tiles:1.4.1] AndroidManifest.xml:9:21-84
22        </intent>
23    </queries>
24
25    <application
25-->src/main/AndroidManifest.xml:6:5-60:19
26        android:name="com.flex.wear.WearApplication"
26-->src/main/AndroidManifest.xml:7:9-40
27        android:appComponentFactory="androidx.core.app.CoreComponentFactory"
27-->[androidx.core:core:1.18.0] AndroidManifest.xml:28:18-86
28        android:extractNativeLibs="false"
28-->INJECTED
29        android:label="@string/app_name"
29-->src/main/AndroidManifest.xml:8:9-41
30        android:theme="@android:style/Theme.DeviceDefault" >
30-->src/main/AndroidManifest.xml:9:9-59
31        <uses-library
31-->src/main/AndroidManifest.xml:11:9-13:39
32            android:name="com.google.android.wearable"
32-->src/main/AndroidManifest.xml:12:13-55
33            android:required="true" />
33-->src/main/AndroidManifest.xml:13:13-36
34
35        <meta-data
35-->src/main/AndroidManifest.xml:15:9-17:37
36            android:name="com.google.android.wearable.standalone"
36-->src/main/AndroidManifest.xml:16:13-66
37            android:value="false" />
37-->src/main/AndroidManifest.xml:17:13-34
38
39        <!-- Main app screen: Quota status + clock-in/out -->
40        <activity
40-->src/main/AndroidManifest.xml:20:9-27:20
41            android:name="com.flex.wear.WearMainActivity"
41-->src/main/AndroidManifest.xml:21:13-45
42            android:exported="true" >
42-->src/main/AndroidManifest.xml:22:13-36
43            <intent-filter>
43-->src/main/AndroidManifest.xml:23:13-26:29
44                <action android:name="android.intent.action.MAIN" />
44-->src/main/AndroidManifest.xml:24:17-69
44-->src/main/AndroidManifest.xml:24:25-66
45
46                <category android:name="android.wear.intent.category.WEARABLE_LAUNCHER" />
46-->src/main/AndroidManifest.xml:25:17-91
46-->src/main/AndroidManifest.xml:25:27-88
47            </intent-filter>
48        </activity>
49
50        <!-- Transparent bridge activity for Tile tap actions -->
51        <activity
51-->src/main/AndroidManifest.xml:30:9-35:49
52            android:name="com.flex.wear.TileActionActivity"
52-->src/main/AndroidManifest.xml:31:13-47
53            android:excludeFromRecents="true"
53-->src/main/AndroidManifest.xml:35:13-46
54            android:exported="false"
54-->src/main/AndroidManifest.xml:32:13-37
55            android:taskAffinity=""
55-->src/main/AndroidManifest.xml:34:13-36
56            android:theme="@android:style/Theme.Translucent.NoTitleBar" />
56-->src/main/AndroidManifest.xml:33:13-72
57
58        <!-- Tile: shows today's time + clock-in/out button -->
59        <service
59-->src/main/AndroidManifest.xml:38:9-45:19
60            android:name="com.flex.wear.FlexTileService"
60-->src/main/AndroidManifest.xml:39:13-44
61            android:exported="true"
61-->src/main/AndroidManifest.xml:40:13-36
62            android:permission="com.google.android.wearable.permission.BIND_TILE_PROVIDER" >
62-->src/main/AndroidManifest.xml:41:13-91
63            <intent-filter>
63-->src/main/AndroidManifest.xml:42:13-44:29
64                <action android:name="androidx.wear.tiles.action.BIND_TILE_PROVIDER" />
64-->src/main/AndroidManifest.xml:43:17-88
64-->src/main/AndroidManifest.xml:43:25-85
65            </intent-filter>
66        </service>
67
68        <!-- Data listener: triggers tile refresh when phone pushes new status -->
69        <service
69-->src/main/AndroidManifest.xml:48:9-58:19
70            android:name="com.flex.wear.WearListenerService"
70-->src/main/AndroidManifest.xml:49:13-48
71            android:exported="true" >
71-->src/main/AndroidManifest.xml:50:13-36
72            <intent-filter>
72-->src/main/AndroidManifest.xml:51:13-57:29
73                <action android:name="com.google.android.gms.wearable.DATA_CHANGED" />
73-->src/main/AndroidManifest.xml:52:17-87
73-->src/main/AndroidManifest.xml:52:25-84
74
75                <data
75-->src/main/AndroidManifest.xml:53:17-56:51
76                    android:host="*"
76-->src/main/AndroidManifest.xml:55:21-37
77                    android:pathPrefix="/flex/"
77-->src/main/AndroidManifest.xml:56:21-48
78                    android:scheme="wear" />
78-->src/main/AndroidManifest.xml:54:21-42
79            </intent-filter>
80        </service>
81
82        <uses-library
82-->[androidx.wear.compose:compose-foundation:1.4.1] AndroidManifest.xml:23:9-25:40
83            android:name="wear-sdk"
83-->[androidx.wear.compose:compose-foundation:1.4.1] AndroidManifest.xml:24:13-36
84            android:required="false" />
84-->[androidx.wear.compose:compose-foundation:1.4.1] AndroidManifest.xml:25:13-37
85
86        <activity
86-->[com.google.android.gms:play-services-base:18.5.0] AndroidManifest.xml:5:9-173
87            android:name="com.google.android.gms.common.api.GoogleApiActivity"
87-->[com.google.android.gms:play-services-base:18.5.0] AndroidManifest.xml:5:19-85
88            android:exported="false"
88-->[com.google.android.gms:play-services-base:18.5.0] AndroidManifest.xml:5:146-170
89            android:theme="@android:style/Theme.Translucent.NoTitleBar" />
89-->[com.google.android.gms:play-services-base:18.5.0] AndroidManifest.xml:5:86-145
90
91        <meta-data
91-->[com.google.android.gms:play-services-basement:18.4.0] AndroidManifest.xml:6:9-122
92            android:name="com.google.android.gms.version"
92-->[com.google.android.gms:play-services-basement:18.4.0] AndroidManifest.xml:6:20-65
93            android:value="@integer/google_play_services_version" />
93-->[com.google.android.gms:play-services-basement:18.4.0] AndroidManifest.xml:6:66-119
94
95        <provider
95-->[androidx.emoji2:emoji2:1.4.0] AndroidManifest.xml:24:9-32:20
96            android:name="androidx.startup.InitializationProvider"
96-->[androidx.emoji2:emoji2:1.4.0] AndroidManifest.xml:25:13-67
97            android:authorities="com.flex.androidx-startup"
97-->[androidx.emoji2:emoji2:1.4.0] AndroidManifest.xml:26:13-68
98            android:exported="false" >
98-->[androidx.emoji2:emoji2:1.4.0] AndroidManifest.xml:27:13-37
99            <meta-data
99-->[androidx.emoji2:emoji2:1.4.0] AndroidManifest.xml:29:13-31:52
100                android:name="androidx.emoji2.text.EmojiCompatInitializer"
100-->[androidx.emoji2:emoji2:1.4.0] AndroidManifest.xml:30:17-75
101                android:value="androidx.startup" />
101-->[androidx.emoji2:emoji2:1.4.0] AndroidManifest.xml:31:17-49
102            <meta-data
102-->[androidx.lifecycle:lifecycle-process:2.9.4] AndroidManifest.xml:29:13-31:52
103                android:name="androidx.lifecycle.ProcessLifecycleInitializer"
103-->[androidx.lifecycle:lifecycle-process:2.9.4] AndroidManifest.xml:30:17-78
104                android:value="androidx.startup" />
104-->[androidx.lifecycle:lifecycle-process:2.9.4] AndroidManifest.xml:31:17-49
105            <meta-data
105-->[androidx.profileinstaller:profileinstaller:1.4.0] AndroidManifest.xml:29:13-31:52
106                android:name="androidx.profileinstaller.ProfileInstallerInitializer"
106-->[androidx.profileinstaller:profileinstaller:1.4.0] AndroidManifest.xml:30:17-85
107                android:value="androidx.startup" />
107-->[androidx.profileinstaller:profileinstaller:1.4.0] AndroidManifest.xml:31:17-49
108        </provider>
109
110        <uses-library
110-->[androidx.window:window:1.5.0] AndroidManifest.xml:23:9-25:40
111            android:name="androidx.window.extensions"
111-->[androidx.window:window:1.5.0] AndroidManifest.xml:24:13-54
112            android:required="false" />
112-->[androidx.window:window:1.5.0] AndroidManifest.xml:25:13-37
113        <uses-library
113-->[androidx.window:window:1.5.0] AndroidManifest.xml:26:9-28:40
114            android:name="androidx.window.sidecar"
114-->[androidx.window:window:1.5.0] AndroidManifest.xml:27:13-51
115            android:required="false" />
115-->[androidx.window:window:1.5.0] AndroidManifest.xml:28:13-37
116
117        <receiver
117-->[androidx.profileinstaller:profileinstaller:1.4.0] AndroidManifest.xml:34:9-52:20
118            android:name="androidx.profileinstaller.ProfileInstallReceiver"
118-->[androidx.profileinstaller:profileinstaller:1.4.0] AndroidManifest.xml:35:13-76
119            android:directBootAware="false"
119-->[androidx.profileinstaller:profileinstaller:1.4.0] AndroidManifest.xml:36:13-44
120            android:enabled="true"
120-->[androidx.profileinstaller:profileinstaller:1.4.0] AndroidManifest.xml:37:13-35
121            android:exported="true"
121-->[androidx.profileinstaller:profileinstaller:1.4.0] AndroidManifest.xml:38:13-36
122            android:permission="android.permission.DUMP" >
122-->[androidx.profileinstaller:profileinstaller:1.4.0] AndroidManifest.xml:39:13-57
123            <intent-filter>
123-->[androidx.profileinstaller:profileinstaller:1.4.0] AndroidManifest.xml:40:13-42:29
124                <action android:name="androidx.profileinstaller.action.INSTALL_PROFILE" />
124-->[androidx.profileinstaller:profileinstaller:1.4.0] AndroidManifest.xml:41:17-91
124-->[androidx.profileinstaller:profileinstaller:1.4.0] AndroidManifest.xml:41:25-88
125            </intent-filter>
126            <intent-filter>
126-->[androidx.profileinstaller:profileinstaller:1.4.0] AndroidManifest.xml:43:13-45:29
127                <action android:name="androidx.profileinstaller.action.SKIP_FILE" />
127-->[androidx.profileinstaller:profileinstaller:1.4.0] AndroidManifest.xml:44:17-85
127-->[androidx.profileinstaller:profileinstaller:1.4.0] AndroidManifest.xml:44:25-82
128            </intent-filter>
129            <intent-filter>
129-->[androidx.profileinstaller:profileinstaller:1.4.0] AndroidManifest.xml:46:13-48:29
130                <action android:name="androidx.profileinstaller.action.SAVE_PROFILE" />
130-->[androidx.profileinstaller:profileinstaller:1.4.0] AndroidManifest.xml:47:17-88
130-->[androidx.profileinstaller:profileinstaller:1.4.0] AndroidManifest.xml:47:25-85
131            </intent-filter>
132            <intent-filter>
132-->[androidx.profileinstaller:profileinstaller:1.4.0] AndroidManifest.xml:49:13-51:29
133                <action android:name="androidx.profileinstaller.action.BENCHMARK_OPERATION" />
133-->[androidx.profileinstaller:profileinstaller:1.4.0] AndroidManifest.xml:50:17-95
133-->[androidx.profileinstaller:profileinstaller:1.4.0] AndroidManifest.xml:50:25-92
134            </intent-filter>
135        </receiver>
136    </application>
137
138</manifest>